生成启动时间为 2018/9/20 20:11:18。
     1>项目“D:\ExerciseForLeetCode\LeetCode\LeetCode\LeetCode.vcxproj”在节点 2 上(Build 个目标)。
     1>ClCompile:
         D:\Program Files (x86)\Microsoft Visual Studio 12.0\VC\bin\CL.exe /c /ZI /nologo /W3 /WX- /sdl /Od /Oy- /D _CRT_SECURE_NO_WARNINGS /D _MBCS /Gm /EHsc /RTC1 /MDd /GS /fp:precise /Zc:wchar_t /Zc:forScope /Fo"Debug\\" /Fd"Debug\vc120.pdb" /Gd /TP /analyze- /errorReport:prompt "源1.cpp"
         源1.cpp
       Link:
         D:\Program Files (x86)\Microsoft Visual Studio 12.0\VC\bin\link.exe /ERRORREPORT:PROMPT /OUT:"D:\ExerciseForLeetCode\LeetCode\Debug\LeetCode.exe" /INCREMENTAL /NOLOGO kernel32.lib user32.lib gdi32.lib winspool.lib comdlg32.lib advapi32.lib shell32.lib ole32.lib oleaut32.lib uuid.lib odbc32.lib odbccp32.lib /MANIFEST /MANIFESTUAC:"level='asInvoker' uiAccess='false'" /manifest:embed /DEBUG /PDB:"D:\ExerciseForLeetCode\LeetCode\Debug\LeetCode.pdb" /TLBID:1 /DYNAMICBASE /NXCOMPAT /IMPLIB:"D:\ExerciseForLeetCode\LeetCode\Debug\LeetCode.lib" /MACHINE:X86 "Debug\1-Two Sum.obj"
         "Debug\100-Same Tree.obj"
         "Debug\104-Maximum Depth of Binary Tree.obj"
         "Debug\105-Construct Binary Tree from Preorder and Inorder Traversal.obj"
         "Debug\107-Binary Tree Level Order Traversal II.obj"
         "Debug\11-Container With Most Water.obj"
         "Debug\115-Distinct Subsequences.obj"
         "Debug\120-Triangle.obj"
         "Debug\121-Best Time to Buy and Sell Stock.obj"
         "Debug\122-Best Time to Buy and Sell Stock II.obj"
         "Debug\124-Binary Tree Maximum Path Sum.obj"
         "Debug\127-Word Ladder.obj"
         "Debug\128-Longest Consecutive Sequence.obj"
         "Debug\13-Roman to Integer.obj"
         "Debug\132-Palindrome Partitioning II.obj"
         "Debug\136-Single Number.obj"
         "Debug\139-Word Break.obj"
         "Debug\14-Longest Common Prefix.obj"
         "Debug\146-LRU Cache.obj"
         "Debug\148-Sort List.obj"
         "Debug\149-Max Points on a Line.obj"
         "Debug\15-3Sum.obj"
         "Debug\151-Reverse Words in a String.obj"
         "Debug\152-Maximum Product Subarray.obj"
         "Debug\155-Min Stack.obj"
         "Debug\165-Compare Version Numbers.obj"
         "Debug\166-Fraction to Recurring Decimal.obj"
         "Debug\167-Two Sum II - Input array is sorted.obj"
         "Debug\169-Majority Element.obj"
         "Debug\17-Letter Combinations of a Phone Number.obj"
         "Debug\171-Excel Sheet Column Number.obj"
         "Debug\174-Dungeon Game.obj"
         "Debug\179-Largest Number.obj"
         "Debug\189-Rotate Array.obj"
         "Debug\2-Add Two Numbers.obj"
         "Debug\200-Number of Islands.obj"
         "Debug\202-Happy Number.obj"
         "Debug\206-Reverse Linked List.obj"
         "Debug\207-Course Schedule.obj"
         "Debug\208-Implement Trie (Prefix Tree).obj"
         "Debug\21-Merge Two Sorted Lists.obj"
         "Debug\210-Course Schedule II.obj"
         "Debug\213-House Robber II.obj"
         "Debug\217-Contains Duplicate.obj"
         "Debug\22-Generate Parentheses.obj"
         "Debug\221-Maximal Square.obj"
         "Debug\23-Merge k Sorted Lists.obj"
         "Debug\237-Delete Node in a Linked List.obj"
         "Debug\238-Product of Array Except Self.obj"
         "Debug\239-Sliding Window Maximum.obj"
         "Debug\240-Search a 2D Matrix II.obj"
         "Debug\242-Valid Anagram.obj"
         "Debug\264-Ugly Number II.obj"
         "Debug\268-Missing Number.obj"
         "Debug\283-Move Zeroes.obj"
         "Debug\289-Game of Life.obj"
         "Debug\29-Divide Two Integers.obj"
         "Debug\295-Find Median from Data Stream.obj"
         "Debug\297-Serialize and Deserialize Binary Tree.obj"
         "Debug\3-Longest Substring Without Repeating Characters.obj"
         "Debug\300-Longest Increasing Subsequence.obj"
         "Debug\301-Remove Invalid Parentheses.obj"
         "Debug\312-Burst Balloons.obj"
         "Debug\315-Count of Smaller Numbers After Self.obj"
         "Debug\32-Longest Valid Parentheses.obj"
         "Debug\321-Create Maximum Number.obj"
         "Debug\322-Coin Change.obj"
         "Debug\329-Longest Increasing Path in a Matrix.obj"
         "Debug\330-Patching Array.obj"
         "Debug\332-Reconstruct Itinerary.obj"
         "Debug\337-House Robber III.obj"
         "Debug\338-Counting Bits.obj"
         "Debug\34-Search for a Range.obj"
         "Debug\343-Integer Break.obj"
         "Debug\344-Reverse String.obj"
         "Debug\347-Top K Frequent Elements.obj"
         "Debug\349-Intersection of Two Arrays.obj"
         "Debug\35-Search Insert Position.obj"
         "Debug\354-Russian Doll Envelopes.obj"
         "Debug\363-Max Sum of Rectangle No Larger Than K.obj"
         "Debug\368-Largest Divisible Subset.obj"
         "Debug\373-Find K Pairs with Smallest Sums.obj"
         "Debug\375-Guess Number Higher or Lower II.obj"
         "Debug\377-Combination Sum IV.obj"
         "Debug\378-Kth Smallest Element in a Sorted Matrix.obj"
         "Debug\380-Insert Delete GetRandom O(1).obj"
         "Debug\394-Decode String.obj"
         "Debug\398-Random Pick Index.obj"
         "Debug\4-Median of Two Sorted Arrays.obj"
         "Debug\403-Frog Jump.obj"
         "Debug\41-First Missing Positive.obj"
         "Debug\410-Split Array Largest Sum.obj"
         "Debug\416-Partition Equal Subset Sum.obj"
         "Debug\42-Trapping Rain Water.obj"
         "Debug\424-Longest Repeating Character Replacement.obj"
         "Debug\430-Flatten a Multilevel Doubly Linked List.obj"
         "Debug\433-Minimum Genetic Mutation.obj"
         "Debug\435-Non-overlapping Intervals.obj"
         "Debug\438-Find All Anagrams in a String.obj"
         "Debug\44-Wildcard Matching.obj"
         "Debug\446-Arithmetic Slices II - Subsequence.obj"
         "Debug\46-Permutations.obj"
         "Debug\464-Can I Win.obj"
         "Debug\466-Count The Repetitions.obj"
         "Debug\467-Unique Substrings in Wraparound String.obj"
         "Debug\472-Concatenated Words.obj"
         "Debug\474-Ones and Zeroes.obj"
         "Debug\475-Heaters.obj"
         "Debug\479-Largest Palindrome Product.obj"
         "Debug\486-Predict the Winner.obj"
         "Debug\493-Reverse Pairs.obj"
         "Debug\5-Longest Palindromic Substring.obj"
         "Debug\514-Freedom Trail.obj"
         "Debug\516-Longest Palindromic Subsequence.obj"
         "Debug\517-Super Washing Machines.obj"
         "Debug\518-Coin Change 2.obj"
         "Debug\519-Random Flip Matrix.obj"
         "Debug\523-Continuous Subarray Sum.obj"
         "Debug\53-Maximum Subarray.obj"
         "Debug\54-Spiral Matrix.obj"
         "Debug\546-Remove Boxes.obj"
         "Debug\552-Student Attendance Record II.obj"
         "Debug\56-Merge Intervals.obj"
         "Debug\576-Out of Boundary Paths.obj"
         "Debug\589-N-ary Tree Preorder Traversal.obj"
         "Debug\590-N-ary Tree Postorder Traversal.obj"
         "Debug\6-ZigZag Conversion.obj"
         "Debug\600-Non-negative Integers without Consecutive Ones.obj"
         "Debug\629-K Inverse Pairs Array.obj"
         "Debug\63-Unique Paths II.obj"
         "Debug\638-Shopping Offers.obj"
         "Debug\639-Decode Ways II.obj"
         "Debug\641-Design Circular Deque.obj"
         "Debug\646-Maximum Length of Pair Chain.obj"
         "Debug\649-Dota2 Senate.obj"
         "Debug\650-2 Keys Keyboard.obj"
         "Debug\664-Strange Printer.obj"
         "Debug\667-Beautiful Arrangement II.obj"
         "Debug\677-Map Sum Pairs.obj"
         "Debug\679-24 Game.obj"
         "Debug\682-Baseball Game.obj"
         "Debug\689-Maximum Sum of 3 Non-Overlapping Subarrays.obj"
         "Debug\691-Stickers to Spell Word.obj"
         "Debug\695-Max Area of Island.obj"
         "Debug\7-Reverse Integer.obj"
         "Debug\70-Climbing Stairs.obj"
         "Debug\706-Design HashMap.obj"
         "Debug\707-Design Linked List.obj"
         "Debug\710-Random Pick with Blacklist.obj"
         "Debug\712-Minimum ASCII Delete Sum for Two Strings.obj"
         "Debug\715-Range Module.obj"
         "Debug\718-Maximum Length of Repeated Subarray.obj"
         "Debug\72-Edit Distance.obj"
         "Debug\730-Count Different Palindromic Subsequences.obj"
         "Debug\740-Delete and Earn.obj"
         "Debug\741-Cherry Pickup.obj"
         "Debug\75-Sort Colors.obj"
         "Debug\753-Cracking the Safe.obj"
         "Debug\76-Minimum Window Substring.obj"
         "Debug\761-Special Binary String.obj"
         "Debug\778-Swim in Rising Water.obj"
         "Debug\79-Word Search.obj"
         "Debug\790-Domino and Tromino Tiling.obj"
         "Debug\8-String to Integer (atoi).obj"
         "Debug\801-Minimum Swaps To Make Sequences Increasing.obj"
         "Debug\808-Soup Servings.obj"
         "Debug\813-Largest Sum of Averages.obj"
         "Debug\817-Linked List Components.obj"
         "Debug\818-Race Car.obj"
         "Debug\83-Remove Duplicates from Sorted List.obj"
         "Debug\837-New 21 Game.obj"
         "Debug\838-Push Dominoes.obj"
         "Debug\839-Similar String Groups.obj"
         "Debug\84-Largest Rectangle in Histogram.obj"
         "Debug\844-Backspace String Compare.obj"
         "Debug\847-Shortest Path Visiting All Nodes.obj"
         "Debug\85-Maximal Rectangle.obj"
         "Debug\850-Rectangle Area II.obj"
         "Debug\853-Car Fleet.obj"
         "Debug\854-K-Similar Strings.obj"
         "Debug\855-Exam Room.obj"
         "Debug\857-Minimum Cost to Hire K Workers.obj"
         "Debug\858-Mirror Reflection.obj"
         "Debug\859-Buddy Strings.obj"
         "Debug\860-Lemonade Change.obj"
         "Debug\861-Score After Flipping Matrix.obj"
         "Debug\862-Shortest Subarray with Sum at Least K.obj"
         "Debug\863-All Nodes Distance K in Binary Tree.obj"
         "Debug\864-Shortest Path to Get All Keys.obj"
         "Debug\865-Smallest Subtree with all the Deepest Nodes.obj"
         "Debug\866-Prime Palindrome.obj"
         "Debug\869-Reordered Power of 2.obj"
         "Debug\87-Scramble String.obj"
         "Debug\871-Minimum Number of Refueling Stops.obj"
         "Debug\873-Length of Longest Fibonacci Subsequence.obj"
         "Debug\874-Walking Robot Simulation.obj"
         "Debug\877-Stone Game.obj"
         "Debug\878-Nth Magical Number.obj"
         "Debug\879-Profitable Schemes.obj"
         "Debug\880-Decoded String at Index.obj"
         "Debug\882-Reachable Nodes In Subdivided Graph.obj"
         "Debug\883-Generate Random Point in a Circle.obj"
         "Debug\884-Uncommon Words from Two Sentences.obj"
         "Debug\887-Super Egg Drop.obj"
         "Debug\889-Spiral Matrix III.obj"
         "Debug\890-Possible Bipartition.obj"
         "Debug\891-Sum of Subsequence Widths.obj"
         "Debug\892-Surface Area of 3D Shapes.obj"
         "Debug\893-Groups of Special-Equivalent Strings.obj"
         "Debug\894-All Possible Full Binary Trees.obj"
         "Debug\895-Maximum Frequency Stack.obj"
         "Debug\898-Bitwise ORs of Subarrays.obj"
         "Debug\900-RLE Iterator.obj"
         "Debug\901-Online Stock Span.obj"
         "Debug\902-Numbers At Most N Given Digit Set.obj"
         "Debug\903-Valid Permutations for DI Sequence.obj"
         "Debug\904-Fruit Into Baskets.obj"
         "Debug\91-Decode Ways.obj"
         "Debug\95-Unique Binary Search Trees II.obj"
         "Debug\97-Interleaving String.obj"
         "Debug\源.obj"
         "Debug\源1.obj"
         LeetCode.vcxproj -> D:\ExerciseForLeetCode\LeetCode\Debug\LeetCode.exe
     1>已完成生成项目“D:\ExerciseForLeetCode\LeetCode\LeetCode\LeetCode.vcxproj”(Build 个目标)的操作。

生成成功。

已用时间 00:00:01.82
